<?xml version="1.0" encoding="UTF-8"?>
<testng-results ignored="0" total="1" passed="1" failed="0" skipped="0">
  <reporter-output>
  </reporter-output>
  <suite started-at="2026-06-20T21:09:15 IST" name="Surefire suite" finished-at="2026-06-20T21:10:01 IST" duration-ms="45471">
    <groups>
    </groups>
    <test started-at="2026-06-20T21:09:15 IST" name="Surefire test" finished-at="2026-06-20T21:10:01 IST" duration-ms="45471">
      <class name="tests.LoginTest">
        <test-method is-config="true" signature="setUp()[pri:0, instance:tests.LoginTest@229d10bd]" started-at="2026-06-20T21:09:15 IST" name="setUp" finished-at="2026-06-20T21:09:59 IST" duration-ms="43442" status="PASS">
          <reporter-output>
          </reporter-output>
        </test-method> <!-- setUp -->
        <test-method signature="testValidLogin()[pri:0, instance:tests.LoginTest@229d10bd]" started-at="2026-06-20T21:09:59 IST" name="testValidLogin" finished-at="2026-06-20T21:10:00 IST" duration-ms="1649" status="PASS">
          <reporter-output>
          </reporter-output>
        </test-method> <!-- testValidLogin -->
        <test-method is-config="true" signature="tearDown()[pri:0, instance:tests.LoginTest@229d10bd]" started-at="2026-06-20T21:10:00 IST" name="tearDown" finished-at="2026-06-20T21:10:01 IST" duration-ms="305" status="PASS">
          <reporter-output>
          </reporter-output>
        </test-method> <!-- tearDown -->
      </class> <!-- tests.LoginTest -->
    </test> <!-- Surefire test -->
  </suite> <!-- Surefire suite -->
</testng-results>
